0 silly argv {
0 silly argv   _: [ 'run' ],
0 silly argv   stream: true,
0 silly argv   scope: '@perspective/website',
0 silly argv   lernaVersion: '4.0.0',
0 silly argv   '$0': 'node_modules/.bin/lerna',
0 silly argv   script: 'test'
0 silly argv }
1 notice cli v4.0.0
2 verbose rootPath /home/swapnils/_code/perspective-wiki
3 error JSONError: Unexpected token "}" (0x7D) in JSON at position 286 while parsing near "...    \"lib\": \"lib\",\n  },\n  \"files\": [\n    ..." in packages/website/package.json
3 error
3 error [0m [90m  9 |[39m   [32m"directories"[39m[33m:[39m {[0m
3 error [0m [90m 10 |[39m     [32m"lib"[39m[33m:[39m [32m"lib"[39m[33m,[39m[0m
3 error [0m[31m[1m>[22m[39m[90m 11 |[39m   }[33m,[39m[0m
3 error [0m [90m    |[39m   [31m[1m^[22m[39m[0m
3 error [0m [90m 12 |[39m   [32m"files"[39m[33m:[39m [[0m
3 error [0m [90m 13 |[39m     [32m"lib"[39m[0m
3 error [0m [90m 14 |[39m   ][33m,[39m[0m
3 error
3 error     at parseJson (/home/swapnils/_code/perspective-wiki/node_modules/parse-json/index.js:29:21)
3 error     at parse (/home/swapnils/_code/perspective-wiki/node_modules/load-json-file/index.js:15:9)
3 error     at module.exports (/home/swapnils/_code/perspective-wiki/node_modules/load-json-file/index.js:18:47)
